<?xml version="1.0" encoding="UTF-8"?>
<!-- Generated by org.testng.reporters.JUnitXMLReporter -->
<testsuite hostname="OSIT-L-0463" ignored="0" name="Default test" tests="3" failures="0" timestamp="01 Mar 2017 14:03:24 GMT" time="13.976" errors="0">
  <testcase name="doLogin" time="13.496" classname="com.omayo.hybrid.testcases.GmailLogin"/>
  <testcase name="doLogin" time="0.001" classname="com.omayo.hybrid.testcases.GmailLogin">
    <skipped/>
  </testcase> <!-- doLogin -->
  <testcase name="doLogin" time="0.002" classname="com.omayo.hybrid.testcases.GmailLogin">
    <skipped/>
  </testcase> <!-- doLogin -->
</testsuite> <!-- Default test -->
